<?xml version="1.0" encoding="UTF-8"?>
<!-- Generated by org.testng.reporters.JUnitXMLReporter -->
<testsuite hostname="BYDOC-0020W" ignored="0" name="API testing with Rest Assured" tests="3" failures="0" timestamp="2019-10-28T15:29:49 MSK" time="6.186" errors="0">
  <testcase name="getWeatherDetailsByChainMethod" time="4.955" classname="apiTestFramework.restAssuredTests.WeatherByGetRequest"/>
  <testcase name="weatherDetailsValidationThroughGET" time="0.423" classname="apiTestFramework.restAssuredTests.WeatherByGetRequest"/>
  <testcase name="customerDetailsValidationThroughPOST" time="0.648" classname="apiTestFramework.restAssuredTests.WeatherByGetRequest"/>
</testsuite> <!-- API testing with Rest Assured -->
